> Resolving dependencies using Composer Cloud v3.6.0-1-g9d9036c

[3.1MiB/0.17s] Loading composer repositories with package information
[54.8MiB/5.63s] Updating dependencies
[19.2MiB/6.26s] Lock file operations: 177 installs, 0 updates, 0 removals
[19.2MiB/6.26s]   - Locking ausi/slug-generator (v1.1.1)
[19.2MiB/6.26s]   - Locking bacon/bacon-qr-code (2.0.8)
[19.2MiB/6.26s]   - Locking beberlei/assert (v3.3.2)
[19.2MiB/6.26s]   - Locking clue/stream-filter (v1.6.0)
[19.2MiB/6.26s]   - Locking composer/ca-bundle (1.3.7)
[19.2MiB/6.26s]   - Locking contao-components/ace (1.28.0)
[19.2MiB/6.26s]   - Locking contao-components/chosen (1.2.5)
[19.2MiB/6.26s]   - Locking contao-components/colorbox (1.6.6)
[19.2MiB/6.26s]   - Locking contao-components/colorpicker (1.5.2)
[19.2MiB/6.26s]   - Locking contao-components/contao (9.3.2)
[19.2MiB/6.26s]   - Locking contao-components/datepicker (2.3.2)
[19.2MiB/6.26s]   - Locking contao-components/dropzone (5.9.3)
[19.2MiB/6.26s]   - Locking contao-components/installer (1.4.1)
[19.2MiB/6.26s]   - Locking contao-components/jquery (3.7.1)
[19.2MiB/6.26s]   - Locking contao-components/jquery-ui (1.13.2)
[19.2MiB/6.26s]   - Locking contao-components/mediabox (1.5.5)
[19.2MiB/6.26s]   - Locking contao-components/mootools (1.6.0.7)
[19.2MiB/6.26s]   - Locking contao-components/simplemodal (2.1.1)
[19.2MiB/6.26s]   - Locking contao-components/swipe (2.2.0)
[19.2MiB/6.26s]   - Locking contao-components/tablesort (4.0.1)
[19.2MiB/6.26s]   - Locking contao-components/tablesorter (2.31.3)
[19.2MiB/6.26s]   - Locking contao-components/tinymce4 (5.10.7)
[19.2MiB/6.26s]   - Locking contao/calendar-bundle (4.13.30)
[19.2MiB/6.26s]   - Locking contao/comments-bundle (4.13.30)
[19.2MiB/6.26s]   - Locking contao/conflicts (dev-main 941bf3d)
[19.2MiB/6.26s]   - Locking contao/core-bundle (4.13.30)
[19.2MiB/6.26s]   - Locking contao/faq-bundle (4.13.30)
[19.2MiB/6.26s]   - Locking contao/image (1.2.0)
[19.2MiB/6.26s]   - Locking contao/imagine-svg (1.0.3)
[19.2MiB/6.26s]   - Locking contao/installation-bundle (4.13.30)
[19.2MiB/6.26s]   - Locking contao/listing-bundle (4.13.30)
[19.2MiB/6.26s]   - Locking contao/manager-bundle (4.13.30)
[19.2MiB/6.26s]   - Locking contao/manager-plugin (2.12.0)
[19.2MiB/6.26s]   - Locking contao/news-bundle (4.13.30)
[19.2MiB/6.26s]   - Locking contao/newsletter-bundle (4.13.30)
[19.2MiB/6.26s]   - Locking dasprid/enum (1.0.5)
[19.2MiB/6.26s]   - Locking dflydev/dot-access-data (v3.0.2)
[19.2MiB/6.26s]   - Locking doctrine/annotations (2.0.1)
[19.2MiB/6.26s]   - Locking doctrine/cache (2.2.0)
[19.2MiB/6.26s]   - Locking doctrine/collections (1.8.0)
[19.2MiB/6.27s]   - Locking doctrine/common (3.4.3)
[19.2MiB/6.27s]   - Locking doctrine/dbal (3.6.7)
[19.2MiB/6.27s]   - Locking doctrine/deprecations (1.1.2)
[19.2MiB/6.27s]   - Locking doctrine/doctrine-bundle (2.10.2)
[19.2MiB/6.27s]   - Locking doctrine/event-manager (1.2.0)
[19.2MiB/6.27s]   - Locking doctrine/inflector (2.0.8)
[19.2MiB/6.27s]   - Locking doctrine/instantiator (2.0.0)
[19.2MiB/6.27s]   - Locking doctrine/lexer (2.1.0)
[19.2MiB/6.27s]   - Locking doctrine/orm (2.16.2)
[19.2MiB/6.27s]   - Locking doctrine/persistence (2.5.7)
[19.2MiB/6.27s]   - Locking doctrine/sql-formatter (1.1.3)
[19.2MiB/6.27s]   - Locking dragonmantank/cron-expression (v2.3.1)
[19.2MiB/6.27s]   - Locking egulias/email-validator (4.0.1)
[19.2MiB/6.27s]   - Locking friendsofsymfony/http-cache (2.15.1)
[19.2MiB/6.27s]   - Locking friendsofsymfony/http-cache-bundle (2.16.2)
[19.2MiB/6.27s]   - Locking imagine/imagine (1.3.5)
[19.2MiB/6.27s]   - Locking knplabs/knp-menu (v3.4.0)
[19.2MiB/6.27s]   - Locking knplabs/knp-menu-bundle (v3.2.0)
[19.2MiB/6.27s]   - Locking knplabs/knp-time-bundle (v1.20.0)
[19.2MiB/6.27s]   - Locking lcobucci/clock (2.3.0)
[19.2MiB/6.27s]   - Locking lcobucci/jwt (4.1.5)
[19.2MiB/6.27s]   - Locking league/commonmark (2.4.1)
[19.2MiB/6.27s]   - Locking league/config (v1.2.0)
[19.2MiB/6.27s]   - Locking league/flysystem (3.16.0)
[19.2MiB/6.27s]   - Locking league/flysystem-bundle (3.2.0)
[19.2MiB/6.27s]   - Locking league/flysystem-local (3.16.0)
[19.2MiB/6.27s]   - Locking league/mime-type-detection (1.13.0)
[19.2MiB/6.27s]   - Locking matthiasmullie/minify (1.3.71)
[19.2MiB/6.27s]   - Locking matthiasmullie/path-converter (1.1.3)
[19.2MiB/6.27s]   - Locking monolog/monolog (2.9.1)
[19.2MiB/6.27s]   - Locking nelmio/cors-bundle (2.3.1)
[19.2MiB/6.27s]   - Locking nelmio/security-bundle (v2.12.0)
[19.2MiB/6.27s]   - Locking nette/schema (v1.2.4)
[19.2MiB/6.27s]   - Locking nette/utils (v4.0.2)
[19.2MiB/6.27s]   - Locking nikic/php-parser (v4.17.1)
[19.2MiB/6.27s]   - Locking nyholm/psr7 (1.8.0)
[19.2MiB/6.27s]   - Locking paragonie/constant_time_encoding (v2.6.3)
[19.2MiB/6.27s]   - Locking paragonie/random_compat (v9.99.100)
[19.2MiB/6.27s]   - Locking php-http/client-common (2.7.0)
[19.2MiB/6.27s]   - Locking php-http/discovery (1.19.1)
[19.2MiB/6.27s]   - Locking php-http/httplug (2.4.0)
[19.2MiB/6.27s]   - Locking php-http/message (1.16.0)
[19.2MiB/6.27s]   - Locking php-http/message-factory (1.1.0)
[19.2MiB/6.27s]   - Locking php-http/promise (1.1.0)
[19.2MiB/6.27s]   - Locking phpspec/php-diff (v1.1.3)
[19.2MiB/6.27s]   - Locking psr/cache (2.0.0)
[19.2MiB/6.27s]   - Locking psr/clock (1.0.0)
[19.2MiB/6.27s]   - Locking psr/container (1.1.2)
[19.2MiB/6.27s]   - Locking psr/event-dispatcher (1.0.0)
[19.2MiB/6.27s]   - Locking psr/http-client (1.0.3)
[19.2MiB/6.27s]   - Locking psr/http-factory (1.0.2)
[19.2MiB/6.27s]   - Locking psr/http-message (1.1)
[19.2MiB/6.27s]   - Locking psr/log (2.0.0)
[19.2MiB/6.27s]   - Locking scheb/2fa-backup-code (v5.13.2)
[19.2MiB/6.27s]   - Locking scheb/2fa-bundle (v5.13.2)
[19.2MiB/6.27s]   - Locking scheb/2fa-trusted-device (v5.13.2)
[19.2MiB/6.27s]   - Locking scrivo/highlight.php (v9.18.1.10)
[19.2MiB/6.27s]   - Locking scssphp/scssphp (v1.11.1)
[19.2MiB/6.27s]   - Locking sensiolabs/ansi-to-html (v1.2.1)
[19.2MiB/6.27s]   - Locking simplepie/simplepie (1.8.0)
[19.2MiB/6.27s]   - Locking spatie/schema-org (3.14.0)
[19.2MiB/6.27s]   - Locking spomky-labs/otphp (v10.0.3)
[19.2MiB/6.27s]   - Locking stella-maris/clock (0.1.7)
[19.2MiB/6.27s]   - Locking symfony-cmf/routing (2.3.4)
[19.2MiB/6.27s]   - Locking symfony-cmf/routing-bundle (2.5.1)
[19.2MiB/6.27s]   - Locking symfony/asset (v5.4.21)
[19.2MiB/6.27s]   - Locking symfony/cache (v5.4.28)
[19.2MiB/6.27s]   - Locking symfony/cache-contracts (v2.5.2)
[19.2MiB/6.27s]   - Locking symfony/config (v5.4.26)
[19.2MiB/6.27s]   - Locking symfony/console (v5.4.28)
[19.2MiB/6.27s]   - Locking symfony/debug-bundle (v5.4.26)
[19.2MiB/6.27s]   - Locking symfony/dependency-injection (v5.4.28)
[19.2MiB/6.27s]   - Locking symfony/deprecation-contracts (v3.3.0)
[19.2MiB/6.27s]   - Locking symfony/doctrine-bridge (v5.4.28)
[19.2MiB/6.27s]   - Locking symfony/dom-crawler (v5.4.25)
[19.2MiB/6.27s]   - Locking symfony/dotenv (v5.4.22)
[19.2MiB/6.27s]   - Locking symfony/error-handler (v5.4.26)
[19.2MiB/6.27s]   - Locking symfony/event-dispatcher (v5.4.26)
[19.2MiB/6.27s]   - Locking symfony/event-dispatcher-contracts (v3.3.0)
[19.2MiB/6.27s]   - Locking symfony/expression-language (v5.4.21)
[19.2MiB/6.27s]   - Locking symfony/filesystem (v5.4.25)
[19.2MiB/6.27s]   - Locking symfony/finder (v5.4.27)
[19.2MiB/6.27s]   - Locking symfony/framework-bundle (v5.4.28)
[19.2MiB/6.27s]   - Locking symfony/http-client (v5.4.26)
[19.2MiB/6.27s]   - Locking symfony/http-client-contracts (v2.5.2)
[19.2MiB/6.27s]   - Locking symfony/http-foundation (v5.4.28)
[19.2MiB/6.27s]   - Locking symfony/http-kernel (v5.4.28)
[19.2MiB/6.27s]   - Locking symfony/intl (v5.4.26)
[19.2MiB/6.27s]   - Locking symfony/lock (v5.4.25)
[19.2MiB/6.27s]   - Locking symfony/mailer (v5.4.22)
[19.2MiB/6.27s]   - Locking symfony/mime (v5.4.26)
[19.2MiB/6.27s]   - Locking symfony/monolog-bridge (v5.4.22)
[19.2MiB/6.27s]   - Locking symfony/monolog-bundle (v3.8.0)
[19.2MiB/6.27s]   - Locking symfony/options-resolver (v5.4.21)
[19.2MiB/6.27s]   - Locking symfony/password-hasher (v5.4.27)
[19.2MiB/6.27s]   - Locking symfony/polyfill-ctype (v1.28.0)
[19.2MiB/6.27s]   - Locking symfony/polyfill-intl-grapheme (v1.28.0)
[19.2MiB/6.27s]   - Locking symfony/polyfill-intl-idn (v1.28.0)
[19.2MiB/6.27s]   - Locking symfony/polyfill-intl-normalizer (v1.28.0)
[19.2MiB/6.27s]   - Locking symfony/polyfill-mbstring (v1.28.0)
[19.2MiB/6.27s]   - Locking symfony/polyfill-php72 (v1.28.0)
[19.2MiB/6.27s]   - Locking symfony/polyfill-php73 (v1.28.0)
[19.2MiB/6.27s]   - Locking symfony/polyfill-php80 (v1.28.0)
[19.2MiB/6.28s]   - Locking symfony/polyfill-php81 (v1.28.0)
[19.2MiB/6.28s]   - Locking symfony/polyfill-uuid (v1.28.0)
[19.2MiB/6.28s]   - Locking symfony/process (v5.4.28)
[19.2MiB/6.28s]   - Locking symfony/property-access (v5.4.26)
[19.2MiB/6.28s]   - Locking symfony/property-info (v6.3.0)
[19.2MiB/6.28s]   - Locking symfony/routing (v5.4.26)
[19.2MiB/6.28s]   - Locking symfony/security-bundle (v5.4.26)
[19.2MiB/6.28s]   - Locking symfony/security-core (v5.4.22)
[19.2MiB/6.28s]   - Locking symfony/security-csrf (v5.4.27)
[19.2MiB/6.28s]   - Locking symfony/security-guard (v5.4.27)
[19.2MiB/6.28s]   - Locking symfony/security-http (v5.4.28)
[19.2MiB/6.28s]   - Locking symfony/service-contracts (v2.5.2)
[19.2MiB/6.28s]   - Locking symfony/stopwatch (v5.4.21)
[19.2MiB/6.28s]   - Locking symfony/string (v5.4.26)
[19.2MiB/6.28s]   - Locking symfony/templating (v6.3.0)
[19.2MiB/6.28s]   - Locking symfony/translation (v5.4.24)
[19.2MiB/6.28s]   - Locking symfony/translation-contracts (v2.5.2)
[19.3MiB/6.28s]   - Locking symfony/twig-bridge (v5.4.26)
[19.3MiB/6.28s]   - Locking symfony/twig-bundle (v5.4.27)
[19.3MiB/6.28s]   - Locking symfony/uid (v5.4.21)
[19.3MiB/6.28s]   - Locking symfony/var-dumper (v5.4.28)
[19.3MiB/6.28s]   - Locking symfony/var-exporter (v6.3.4)
[19.3MiB/6.28s]   - Locking symfony/web-profiler-bundle (v5.4.26)
[19.3MiB/6.28s]   - Locking symfony/yaml (v5.4.23)
[19.3MiB/6.28s]   - Locking terminal42/escargot (1.5.3)
[19.3MiB/6.28s]   - Locking terminal42/service-annotation-bundle (1.1.5)
[19.3MiB/6.28s]   - Locking thecodingmachine/safe (v2.5.0)
[19.3MiB/6.28s]   - Locking toflar/psr6-symfony-http-cache-store (3.0.1)
[19.3MiB/6.28s]   - Locking twig/extra-bundle (v3.7.1)
[19.3MiB/6.28s]   - Locking twig/twig (v3.7.1)
[19.3MiB/6.28s]   - Locking ua-parser/uap-php (v3.9.14)
[19.3MiB/6.28s]   - Locking webignition/disallowed-character-terminated-string (2.0)
[19.3MiB/6.28s]   - Locking webignition/robots-txt-file (3.0)
[19.3MiB/6.28s]   - Locking wikimedia/less.php (1.8.2)
[19.3MiB/6.29s] Writing lock file
[10.2MiB/6.30s] 46 package suggestions were added by new dependencies, use `composer suggest` to see details.
[10.8MiB/6.31s] <warning>Package php-http/message-factory is abandoned, you should avoid using it. Use psr/http-factory instead.</warning>
[11.0MiB/6.43s] No security vulnerability advisories found
[11.5MiB/6.43s] Memory usage: 11.48MB (peak: 141.44MB), time: 6.44s.
[11.5MiB/6.43s] Finished Composer Cloud resolving.


# Job ID 8ZKlwGLs0mdeyvUxb5Kqb2oSaxepzVPEj7y05CutTrI3Jmhsf3UZIcCASWUhTyGWZHBnkO1U65YdT8CjVrA5ZoUviXL9i9F5VDvPyo7fpN1MXdSe5UyGvLFxIo1O completed in 1696026475 seconds
# Memory usage: 11.48MB (peak: 141.44MB), time: 6.44s.

$ /usr/bin/php8.2 -q -dmax_execution_time=0 -dmemory_limit=-1 -ddisplay_errors=0 -ddisplay_startup_errors=0 -derror_reporting=0 -dallow_url_fopen=1 -ddisable_functions= -ddate.timezone=UTC /var/www/html/projects/test-contao/public/contao-manager.phar.php composer install --no-dev --no-progress --no-ansi --no-interaction --optimize-autoloader


# Process terminated with exit code 0
# Result: OK
